<?xml version="1.0" encoding="UTF-8"?>
<testng-results skipped="0" failed="0" ignored="0" total="1" passed="1">
  <reporter-output>
  </reporter-output>
  <suite name="Default suite" duration-ms="8158" started-at="2018-10-27T11:06:06Z" finished-at="2018-10-27T11:06:14Z">
    <groups>
    </groups>
    <test name="Default test" duration-ms="8158" started-at="2018-10-27T11:06:06Z" finished-at="2018-10-27T11:06:14Z">
      <class name="sampleTest.SampleTest">
        <test-method status="PASS" signature="loginTest()[pri:0, instance:sampleTest.SampleTest@587d1d39]" name="loginTest" duration-ms="8134" started-at="2018-10-27T11:06:06Z" finished-at="2018-10-27T11:06:14Z">
          <reporter-output>
          </reporter-output>
        </test-method> <!-- loginTest -->
      </class> <!-- sampleTest.SampleTest -->
    </test> <!-- Default test -->
  </suite> <!-- Default suite -->
</testng-results>
